<?xml version="1.0" encoding="UTF-8"?>
<!-- Generated by org.testng.reporters.JUnitReportReporter -->
<testsuite hostname="MrB" failures="0" tests="1" name="TestCases.UpdateProfileTest" time="53.525" errors="0" timestamp="2021-04-30T03:04:33 EDT" skipped="0">
  <testcase classname="TestCases.UpdateProfileTest" name="updateProfile" time="53.525"/>
  <system-out/>
</testsuite> <!-- TestCases.UpdateProfileTest -->
