<?xml version="1.0" encoding="UTF-8"?>
<!-- Generated by org.testng.reporters.JUnitReportReporter -->
<testsuite hostname="MrB" failures="0" tests="3" name="TestCases.LoginTest" time="20.016" errors="0" timestamp="2021-04-30T03:04:33 EDT" skipped="0">
  <testcase classname="TestCases.LoginTest" name="LoginTest" time="7.911"/>
  <system-out/>
  <testcase classname="TestCases.LoginTest" name="LoginTest" time="5.828"/>
  <system-out/>
  <testcase classname="TestCases.LoginTest" name="LoginTest" time="6.277"/>
  <system-out/>
</testsuite> <!-- TestCases.LoginTest -->
