<?xml version="1.0" encoding="UTF-8"?>
<!-- Generated by org.testng.reporters.JUnitReportReporter -->
<testsuite hostname="MrB" failures="0" tests="4" name="TestCases.CreateAnewTweetTest" time="29.334" errors="0" timestamp="2021-05-01T00:45:05 EDT" skipped="0">
  <testcase classname="TestCases.CreateAnewTweetTest" name="postNewTweet" time="7.544"/>
  <system-out/>
  <testcase classname="TestCases.CreateAnewTweetTest" name="postNewTweet" time="7.693"/>
  <system-out/>
  <testcase classname="TestCases.CreateAnewTweetTest" name="postNewTweet" time="6.823"/>
  <system-out/>
  <testcase classname="TestCases.CreateAnewTweetTest" name="postNewTweet" time="7.274"/>
  <system-out/>
</testsuite> <!-- TestCases.CreateAnewTweetTest -->
