<?xml version="1.0" encoding="UTF-8"?>
<!-- Generated by org.testng.reporters.JUnitReportReporter -->
<testsuite hostname="MrB" failures="0" tests="3" name="TestCases.SearchTwitterTest" time="33.116" errors="0" timestamp="2021-04-30T03:04:33 EDT" skipped="0">
  <testcase classname="TestCases.SearchTwitterTest" name="SearchTwitter" time="10.743"/>
  <system-out/>
  <testcase classname="TestCases.SearchTwitterTest" name="SearchTwitter" time="11.636"/>
  <system-out/>
  <testcase classname="TestCases.SearchTwitterTest" name="SearchTwitter" time="10.737"/>
  <system-out/>
</testsuite> <!-- TestCases.SearchTwitterTest -->
