<?xml version="1.0" encoding="UTF-8"?>
<!-- Generated by org.testng.reporters.JUnitReportReporter -->
<testsuite hostname="MrB" failures="0" tests="1" name="TestCases.UpdateProfileTest" time="52.980" errors="0" timestamp="2021-05-01T00:45:05 EDT" skipped="0">
  <testcase classname="TestCases.UpdateProfileTest" name="updateProfile" time="52.980"/>
  <system-out/>
</testsuite> <!-- TestCases.UpdateProfileTest -->
