<?xml version="1.0" encoding="UTF-8"?>
<!-- Generated by org.testng.reporters.JUnitReportReporter -->
<testsuite hostname="MrB" failures="0" tests="4" name="TestCases.CreateAnewTweetTest" time="30.329" errors="0" timestamp="2021-04-30T03:04:33 EDT" skipped="0">
  <testcase classname="TestCases.CreateAnewTweetTest" name="postNewTweet" time="7.644"/>
  <system-out/>
  <testcase classname="TestCases.CreateAnewTweetTest" name="postNewTweet" time="7.498"/>
  <system-out/>
  <testcase classname="TestCases.CreateAnewTweetTest" name="postNewTweet" time="7.680"/>
  <system-out/>
  <testcase classname="TestCases.CreateAnewTweetTest" name="postNewTweet" time="7.507"/>
  <system-out/>
</testsuite> <!-- TestCases.CreateAnewTweetTest -->
