<?xml version="1.0" encoding="UTF-8"?>
<!-- Generated by org.testng.reporters.JUnitReportReporter -->
<testsuite hostname="MrB" failures="0" tests="4" name="TestCases.SendAMessageTest" time="78.102" errors="0" timestamp="2021-04-30T03:04:33 EDT" skipped="0">
  <testcase classname="TestCases.SendAMessageTest" name="sendMessages" time="19.409"/>
  <system-out/>
  <testcase classname="TestCases.SendAMessageTest" name="sendMessages" time="19.354"/>
  <system-out/>
  <testcase classname="TestCases.SendAMessageTest" name="sendMessages" time="19.507"/>
  <system-out/>
  <testcase classname="TestCases.SendAMessageTest" name="sendMessages" time="19.832"/>
  <system-out/>
</testsuite> <!-- TestCases.SendAMessageTest -->
