<?xml version="1.0" encoding="UTF-8"?>
<!-- Generated by org.testng.reporters.JUnitReportReporter -->
<testsuite hostname="MrB" failures="0" tests="3" name="TestCases.SearchTwitterTest" time="33.639" errors="0" timestamp="2021-05-01T00:45:05 EDT" skipped="0">
  <testcase classname="TestCases.SearchTwitterTest" name="SearchTwitter" time="11.332"/>
  <system-out/>
  <testcase classname="TestCases.SearchTwitterTest" name="SearchTwitter" time="11.109"/>
  <system-out/>
  <testcase classname="TestCases.SearchTwitterTest" name="SearchTwitter" time="11.198"/>
  <system-out/>
</testsuite> <!-- TestCases.SearchTwitterTest -->
