<?xml version="1.0" encoding="UTF-8"?>
<!-- Generated by org.testng.reporters.JUnitReportReporter -->
<testsuite hostname="MrB" failures="0" tests="3" name="TestCases.LoginTest" time="18.176" errors="0" timestamp="2021-05-01T00:45:05 EDT" skipped="0">
  <testcase classname="TestCases.LoginTest" name="LoginTest" time="5.488"/>
  <system-out/>
  <testcase classname="TestCases.LoginTest" name="LoginTest" time="6.481"/>
  <system-out/>
  <testcase classname="TestCases.LoginTest" name="LoginTest" time="6.207"/>
  <system-out/>
</testsuite> <!-- TestCases.LoginTest -->
