<?xml version="1.0" encoding="UTF-8"?>
<!-- Generated by org.testng.reporters.JUnitReportReporter -->
<testsuite hostname="MrB" failures="0" tests="4" name="TestCases.SendAMessageTest" time="76.355" errors="0" timestamp="2021-05-01T00:45:05 EDT" skipped="0">
  <testcase classname="TestCases.SendAMessageTest" name="sendMessages" time="19.037"/>
  <system-out/>
  <testcase classname="TestCases.SendAMessageTest" name="sendMessages" time="19.014"/>
  <system-out/>
  <testcase classname="TestCases.SendAMessageTest" name="sendMessages" time="19.282"/>
  <system-out/>
  <testcase classname="TestCases.SendAMessageTest" name="sendMessages" time="19.022"/>
  <system-out/>
</testsuite> <!-- TestCases.SendAMessageTest -->
